<?xml version="1.0" encoding="UTF-8"?>
<!-- Generated by org.testng.reporters.JUnitReportReporter -->
<testsuite hostname="DESKTOP-IP21V1F" failures="0" tests="3" name="com.Epsondoms.ProductTest.KidsProductTest" time="0.005" errors="0" timestamp="2024-11-05T16:46:14 IST" skipped="0">
  <testcase classname="com.Epsondoms.ProductTest.KidsProductTest" name="updateProduct" time="0.002"/>
  <system-out/>
  <testcase classname="com.Epsondoms.ProductTest.KidsProductTest" name="removeProduct" time="0.001"/>
  <system-out/>
  <testcase classname="com.Epsondoms.ProductTest.KidsProductTest" name="addProduct" time="0.002"/>
  <system-out/>
</testsuite> <!-- com.Epsondoms.ProductTest.KidsProductTest -->
